
  You can now view your Streamlit app in your browser.

  URL: http://localhost:8502

2020-10-09 03:30:40.718 Port 8501 is already in use
Usage: streamlit [OPTIONS] COMMAND [ARGS]...
Try "streamlit --help" for help.

Error: No such command "sharedapp.py".
Usage: streamlit [OPTIONS] COMMAND [ARGS]...
Try "streamlit --help" for help.

Error: No such command "sharedapp.py".
Usage: streamlit [OPTIONS] COMMAND [ARGS]...
Try "streamlit --help" for help.

Error: No such command "sharedapp.py".
Usage: streamlit [OPTIONS] COMMAND [ARGS]...
Try "streamlit --help" for help.

Error: No such command "sharedapp.py".
Usage: streamlit [OPTIONS] COMMAND [ARGS]...
Try "streamlit --help" for help.

Error: No such command "sharedapp.py".

  You can now view your Streamlit app in your browser.

  URL: http://localhost:8504


  You can now view your Streamlit app in your browser.

  URL: http://localhost:8504

